[cdnjs.cloudflare.com/ajax/libs/uikit/3.1.7/css/uikit.min.css]
[cdnjs.cloudflare.com/ajax/libs/uikit/3.1.7/js/uikit.min.js]
[cdnjs.cloudflare.com/ajax/libs/uikit/3.1.7/js/uikit-icons.min.js]
[maxcdn.bootstrapcdn.com/bootstrap/4.4.1/css/bootstrap.min.css]
[ajax.googleapis.com/ajax/libs/jquery/3.4.1/jquery.min.js]
[maxcdn.bootstrapcdn.com/bootstrap/4.4.1/js/bootstrap.min.js]
[cdnjs.cloudflare.com/ajax/libs/popper.js/1.16.0/umd/popper.min.js]
[cdnjs.cloudflare.com/ajax/libs/font-awesome/4.7.0/css/font-awesome.min.css]
[use.fontawesome.com/releases/v5.7.2/css/all.css]
[cdn.discordapp.com/avatars/487987909086150661/cb665b83a277e28675b079ce72ffb68fbd5f.png]
[rezx-web.glitch.me/main.js]
[backblue.gif]
[fade.gif]
[index.html]
[rezx-web.glitch.me/index.html]
[cdnjs.cloudflare.com/ajax/libs/uikit/3.1.7/css/uikit.min.css]
[maxcdn.bootstrapcdn.com/bootstrap/4.4.1/css/bootstrap.min.css]
[cdnjs.cloudflare.com/ajax/libs/font-awesome/4.7.0/css/font-awesome.min.css]
[h.top4top.io/webheader.png]
[rezx-web.glitch.me/style.css]
[use.fontawesome.com/releases/v5.7.2/css/all.css]
[rezx-web.glitch.me/commands.html]
[cdn.discordapp.com/avatars/487987909086150661/8b8028d49d23cf2a2ea3a26985527d69bd5f.html]
[fonts.googleapis.com/earlyaccess/notokufiarabic.css]
